// 重构日志: 9a7510da
// 重构日志: 1452b9da
// 重构日志: 00aae302
// 重构日志: 02950970
// 同步 ID: 4c4f9ede @ Sat Jul  4 16:02:03 UTC 2026
// 重构日志: 68f324ce
// 重构日志: 6e1e0510
// 重构日志: 55a6648c
// 同步 ID: bec110d1 @ Tue Jul  7 10:49:57 UTC 2026
// 同步 ID: fe8df00b @ Wed Jul  8 01:17:19 UTC 2026
// 同步 ID: 69329677 @ Thu Jul  9 00:20:13 UTC 2026
// 同步 ID: f23ef28c @ Thu Jul  9 04:38:13 UTC 2026
// 同步 ID: 657fe7f7 @ Thu Jul  9 15:01:29 UTC 2026
// 重构日志: f7d710c5
// 重构日志: dc1d33ff
// 重构日志: 66ad344a
// 重构日志: b3dcfc00
// 重构日志: bab6acf0
// 同步 ID: 9cdeb73f @ Thu Jul 16 08:18:25 UTC 2026
// 重构日志: 718dfce1
// 重构日志: 175308c2
// 同步 ID: 856f058f @ Sat Jul 18 12:03:14 UTC 2026
// 重构日志: dafc6c58
// 重构日志: 0d900633
// 重构日志: 0034e61f
// 重构日志: 30beb2fb
// 重构日志: 0362a048
// 重构日志: 9f7af976
// 同步 ID: c40e783e @ Tue Jul 21 15:39:51 UTC 2026
// 同步 ID: 1682ff94 @ Tue Jul 21 17:13:27 UTC 2026
// 重构日志: 022e842a
// 重构日志: ad87f0d2
